<?xml version="1.0" encoding="UTF-8"?>
<testng-results skipped="0" failed="0" total="1" passed="1">
  <reporter-output>
  </reporter-output>
  <suite name="Default suite" duration-ms="3429" started-at="2018-04-09T02:15:29Z" finished-at="2018-04-09T02:15:33Z">
    <groups>
    </groups>
    <test name="Default test" duration-ms="3429" started-at="2018-04-09T02:15:29Z" finished-at="2018-04-09T02:15:33Z">
      <class name="com.qa.test.ApiTest">
        <test-method status="PASS" signature="createUser()[pri:0, instance:com.qa.test.ApiTest@5ae9a829]" name="createUser" duration-ms="3399" started-at="2018-04-09T07:45:29Z" finished-at="2018-04-09T07:45:33Z">
          <reporter-output>
          </reporter-output>
        </test-method> <!-- createUser -->
      </class> <!-- com.qa.test.ApiTest -->
    </test> <!-- Default test -->
  </suite> <!-- Default suite -->
</testng-results>
